[0.008s] Invoking command in '/home/yuan/mani_gpt/build/franka_grasp': CMAKE_PREFIX_PATH=/home/yuan/mani_gpt/install/grasp_msg:/home/yuan/mani_gpt/install/franka_grasp:/home/yuan/mani_gpt/install/grasp_publisher:/opt/ros/humble /usr/bin/cmake --build /home/yuan/mani_gpt/build/franka_grasp -- -j16 -l16
[0.042s] [ 50%] Built target examples_common
[0.061s] [ 75%] [32mBuilding CXX object CMakeFiles/grasp.dir/src/grasp.cpp.o[0m
[2.132s] [01m[K/home/yuan/mani_gpt/src/franka_grasp/src/grasp.cpp:[m[K In constructor â€˜[01m[KGraspSubscriber::GraspSubscriber()[m[Kâ€™:
[2.132s] [01m[K/home/yuan/mani_gpt/src/franka_grasp/src/grasp.cpp:18:29:[m[K [01;35m[Kwarning: [m[Kunused variable â€˜[01m[Kq_buf[m[Kâ€™ [[01;35m[K]8;;https://gcc.gnu.org/onlinedocs/gcc/Warning-Options.html#index-Wunused-variable-Wunused-variable]8;;[m[K]
[2.132s]    18 |       std::array<double, 7> [01;35m[Kq_buf[m[K = {1,1,1,1,1,1,1};
[2.132s]       |                             [01;35m[K^~~~~[m[K
[2.139s] [01m[K/home/yuan/mani_gpt/src/franka_grasp/src/grasp.cpp:[m[K In member function â€˜[01m[Kint GraspSubscriber::grasp(std::array<double, 7>)[m[Kâ€™:
[2.139s] [01m[K/home/yuan/mani_gpt/src/franka_grasp/src/grasp.cpp:109:25:[m[K [01;31m[Kerror: [m[Kredeclaration of â€˜[01m[KMotionGenerator motion_generator[m[Kâ€™
[2.139s]   109 |         MotionGenerator [01;31m[Kmotion_generator[m[K(0.5, q_initial);
[2.139s]       |                         [01;31m[K^~~~~~~~~~~~~~~~[m[K
[2.139s] [01m[K/home/yuan/mani_gpt/src/franka_grasp/src/grasp.cpp:32:25:[m[K [01;36m[Knote: [m[Kâ€˜[01m[KMotionGenerator motion_generator[m[Kâ€™ previously declared here
[2.139s]    32 |         MotionGenerator [01;36m[Kmotion_generator[m[K(0.5, q_initial);                                                        // MotionGenerator æ˜¯è¿åŠ¨ç”Ÿæˆå™¨ï¼Œç”¨äºç”Ÿæˆä½¿æœºå™¨äººåˆ°è¾¾ç›®æ ‡å…³èŠ‚é…ç½®çš„è¿åŠ¨è½¨è¿¹ã€‚è¿™é‡Œçš„0.5æ˜¯è¿åŠ¨é€Ÿåº¦çš„ç¼©æ”¾å› å­
[2.139s]       |                         [01;36m[K^~~~~~~~~~~~~~~~[m[K
[3.737s] gmake[2]: *** [CMakeFiles/grasp.dir/build.make:76: CMakeFiles/grasp.dir/src/grasp.cpp.o] Error 1
[3.737s] gmake[1]: *** [CMakeFiles/Makefile2:165: CMakeFiles/grasp.dir/all] Error 2
[3.737s] gmake: *** [Makefile:146: all] Error 2
[3.739s] Invoked command in '/home/yuan/mani_gpt/build/franka_grasp' returned '2': CMAKE_PREFIX_PATH=/home/yuan/mani_gpt/install/grasp_msg:/home/yuan/mani_gpt/install/franka_grasp:/home/yuan/mani_gpt/install/grasp_publisher:/opt/ros/humble /usr/bin/cmake --build /home/yuan/mani_gpt/build/franka_grasp -- -j16 -l16
