[0.010s] Invoking command in '/home/yuan/mani_gpt/build/franka_grasp': CMAKE_PREFIX_PATH=/home/yuan/mani_gpt/install/grasp_msg:/home/yuan/mani_gpt/install/franka_grasp:/home/yuan/mani_gpt/install/grasp_publisher:/opt/ros/humble /usr/bin/cmake --build /home/yuan/mani_gpt/build/franka_grasp -- -j16 -l16
[0.046s] [ 50%] Built target examples_common
[0.055s] [35m[1mConsolidate compiler generated dependencies of target grasp[0m
[0.071s] [ 75%] [32mBuilding CXX object CMakeFiles/grasp.dir/src/grasp.cpp.o[0m
[1.826s] [01m[K/home/yuan/mani_gpt/src/franka_grasp/src/grasp.cpp:[m[K In constructor â€˜[01m[KGraspSubscriber::GraspSubscriber()[m[Kâ€™:
[1.826s] [01m[K/home/yuan/mani_gpt/src/franka_grasp/src/grasp.cpp:18:29:[m[K [01;35m[Kwarning: [m[Kunused variable â€˜[01m[Kq_buf[m[Kâ€™ [[01;35m[K]8;;https://gcc.gnu.org/onlinedocs/gcc/Warning-Options.html#index-Wunused-variable-Wunused-variable]8;;[m[K]
[1.826s]    18 |       std::array<double, 7> [01;35m[Kq_buf[m[K = {1,1,1,1,1,1,1};
[1.826s]       |                             [01;35m[K^~~~~[m[K
[1.831s] [01m[K/home/yuan/mani_gpt/src/franka_grasp/src/grasp.cpp:[m[K In member function â€˜[01m[Kint GraspSubscriber::grasp(std::array<double, 7>)[m[Kâ€™:
[1.831s] [01m[K/home/yuan/mani_gpt/src/franka_grasp/src/grasp.cpp:54:32:[m[K [01;31m[Kerror: [m[Krequest for member â€˜[01m[Kjoint_pos[m[Kâ€™ in â€˜[01m[Kq_buf.std::array<double, 7>::operator[](((std::array<double, 7>::size_type)i))[m[Kâ€™, which is of non-class type â€˜[01m[Kstd::array<double, 7>::value_type[m[Kâ€™ {aka â€˜[01m[Kdouble[m[Kâ€™}
[1.831s]    54 |           q_goal[0] = q_buf[i].[01;31m[Kjoint_pos[m[K[0];
[1.831s]       |                                [01;31m[K^~~~~~~~~[m[K
[1.831s] [01m[K/home/yuan/mani_gpt/src/franka_grasp/src/grasp.cpp:55:31:[m[K [01;31m[Kerror: [m[Kinvalid types â€˜[01m[Kstd::array<double, 7>::value_type {aka double}[int][m[Kâ€™ for array subscript
[1.831s]    55 |           q_goal[1] = q_buf[i][01;31m[K[[m[K1];
[1.831s]       |                               [01;31m[K^[m[K
[1.831s] [01m[K/home/yuan/mani_gpt/src/franka_grasp/src/grasp.cpp:56:31:[m[K [01;31m[Kerror: [m[Kinvalid types â€˜[01m[Kstd::array<double, 7>::value_type {aka double}[int][m[Kâ€™ for array subscript
[1.831s]    56 |           q_goal[2] = q_buf[i][01;31m[K[[m[K2];
[1.831s]       |                               [01;31m[K^[m[K
[1.831s] [01m[K/home/yuan/mani_gpt/src/franka_grasp/src/grasp.cpp:57:31:[m[K [01;31m[Kerror: [m[Kinvalid types â€˜[01m[Kstd::array<double, 7>::value_type {aka double}[int][m[Kâ€™ for array subscript
[1.831s]    57 |           q_goal[3] = q_buf[i][01;31m[K[[m[K3];
[1.831s]       |                               [01;31m[K^[m[K
[1.831s] [01m[K/home/yuan/mani_gpt/src/franka_grasp/src/grasp.cpp:58:31:[m[K [01;31m[Kerror: [m[Kinvalid types â€˜[01m[Kstd::array<double, 7>::value_type {aka double}[int][m[Kâ€™ for array subscript
[1.831s]    58 |           q_goal[4] = q_buf[i][01;31m[K[[m[K4];
[1.831s]       |                               [01;31m[K^[m[K
[1.831s] [01m[K/home/yuan/mani_gpt/src/franka_grasp/src/grasp.cpp:59:31:[m[K [01;31m[Kerror: [m[Kinvalid types â€˜[01m[Kstd::array<double, 7>::value_type {aka double}[int][m[Kâ€™ for array subscript
[1.831s]    59 |           q_goal[5] = q_buf[i][01;31m[K[[m[K5];
[1.831s]       |                               [01;31m[K^[m[K
[1.831s] [01m[K/home/yuan/mani_gpt/src/franka_grasp/src/grasp.cpp:60:31:[m[K [01;31m[Kerror: [m[Kinvalid types â€˜[01m[Kstd::array<double, 7>::value_type {aka double}[int][m[Kâ€™ for array subscript
[1.831s]    60 |           q_goal[6] = q_buf[i][01;31m[K[[m[K6];
[1.831s]       |                               [01;31m[K^[m[K
[3.207s] gmake[2]: *** [CMakeFiles/grasp.dir/build.make:76: CMakeFiles/grasp.dir/src/grasp.cpp.o] Error 1
[3.207s] gmake[1]: *** [CMakeFiles/Makefile2:165: CMakeFiles/grasp.dir/all] Error 2
[3.207s] gmake: *** [Makefile:146: all] Error 2
[3.209s] Invoked command in '/home/yuan/mani_gpt/build/franka_grasp' returned '2': CMAKE_PREFIX_PATH=/home/yuan/mani_gpt/install/grasp_msg:/home/yuan/mani_gpt/install/franka_grasp:/home/yuan/mani_gpt/install/grasp_publisher:/opt/ros/humble /usr/bin/cmake --build /home/yuan/mani_gpt/build/franka_grasp -- -j16 -l16
