[0.008s] Invoking command in '/home/yuan/mani_gpt/build/franka_grasp': CMAKE_PREFIX_PATH=/home/yuan/mani_gpt/install/grasp_msg:/home/yuan/mani_gpt/install/franka_grasp:/home/yuan/mani_gpt/install/grasp_publisher:/opt/ros/humble /usr/bin/cmake --build /home/yuan/mani_gpt/build/franka_grasp -- -j16 -l16
[0.042s] [ 50%] Built target examples_common
[0.051s] [35m[1mConsolidate compiler generated dependencies of target grasp[0m
[0.069s] [ 75%] [32mBuilding CXX object CMakeFiles/grasp.dir/src/grasp.cpp.o[0m
[2.182s] [01m[K/home/yuan/mani_gpt/src/franka_grasp/src/grasp.cpp:[m[K In member function â€˜[01m[Kint GraspSubscriber::grasp(std::array<double, 7>)[m[Kâ€™:
[2.182s] [01m[K/home/yuan/mani_gpt/src/franka_grasp/src/grasp.cpp:86:9:[m[K [01;31m[Kerror: [m[Kâ€˜[01m[KGrasp[m[Kâ€™ was not declared in this scope; did you mean â€˜[01m[Kgrasp[m[Kâ€™?
[2.182s]    86 |         [01;31m[KGrasp[m[K the object.
[2.182s]       |         [01;31m[K^~~~~[m[K
[2.182s]       |         [32m[Kgrasp[m[K
[2.183s] [01m[K/home/yuan/mani_gpt/src/franka_grasp/src/grasp.cpp:71:14:[m[K [01;35m[Kwarning: [m[Kunused variable â€˜[01m[Khoming[m[Kâ€™ [[01;35m[K]8;;https://gcc.gnu.org/onlinedocs/gcc/Warning-Options.html#index-Wunused-variable-Wunused-variable]8;;[m[K]
[2.183s]    71 |         bool [01;35m[Khoming[m[K;
[2.183s]       |              [01;35m[K^~~~~~[m[K
[2.183s] [01m[K/home/yuan/mani_gpt/src/franka_grasp/src/grasp.cpp:21:37:[m[K [01;35m[Kwarning: [m[Kunused parameter â€˜[01m[Kq_buf[m[Kâ€™ [[01;35m[K]8;;https://gcc.gnu.org/onlinedocs/gcc/Warning-Options.html#index-Wunused-parameter-Wunused-parameter]8;;[m[K]
[2.183s]    21 |     int grasp([01;35m[Kstd::array<double, 7> q_buf[m[K) {
[2.183s]       |               [01;35m[K~~~~~~~~~~~~~~~~~~~~~~^~~~~[m[K
[3.781s] gmake[2]: *** [CMakeFiles/grasp.dir/build.make:76: CMakeFiles/grasp.dir/src/grasp.cpp.o] Error 1
[3.781s] gmake[1]: *** [CMakeFiles/Makefile2:165: CMakeFiles/grasp.dir/all] Error 2
[3.782s] gmake: *** [Makefile:146: all] Error 2
[3.783s] Invoked command in '/home/yuan/mani_gpt/build/franka_grasp' returned '2': CMAKE_PREFIX_PATH=/home/yuan/mani_gpt/install/grasp_msg:/home/yuan/mani_gpt/install/franka_grasp:/home/yuan/mani_gpt/install/grasp_publisher:/opt/ros/humble /usr/bin/cmake --build /home/yuan/mani_gpt/build/franka_grasp -- -j16 -l16
