[ 50%] Built target examples_common
[35m[1mConsolidate compiler generated dependencies of target grasp[0m
[ 75%] [32mBuilding CXX object CMakeFiles/grasp.dir/src/grasp.cpp.o[0m
[01m[K/home/yuan/mani_gpt/src/franka_grasp/src/grasp.cpp:[m[K In constructor â€˜[01m[KGraspSubscriber::GraspSubscriber()[m[Kâ€™:
[01m[K/home/yuan/mani_gpt/src/franka_grasp/src/grasp.cpp:18:29:[m[K [01;35m[Kwarning: [m[Kunused variable â€˜[01m[Kq_buf[m[Kâ€™ [[01;35m[K]8;;https://gcc.gnu.org/onlinedocs/gcc/Warning-Options.html#index-Wunused-variable-Wunused-variable]8;;[m[K]
   18 |       std::array<double, 7> [01;35m[Kq_buf[m[K = {1,1,1,1,1,1,1};
      |                             [01;35m[K^~~~~[m[K
[01m[K/home/yuan/mani_gpt/src/franka_grasp/src/grasp.cpp:[m[K In member function â€˜[01m[Kint GraspSubscriber::grasp(std::array<double, 7>)[m[Kâ€™:
[01m[K/home/yuan/mani_gpt/src/franka_grasp/src/grasp.cpp:24:44:[m[K [01;31m[Kerror: [m[Kâ€˜[01m[Ktranslation[m[Kâ€™ was not declared in this scope
   24 |       std::cerr << "grasps position:\n" << [01;31m[Ktranslation[m[K{};
      |                                            [01;31m[K^~~~~~~~~~~[m[K
[01m[K/home/yuan/mani_gpt/src/franka_grasp/src/grasp.cpp:50:25:[m[K [01;31m[Kerror: [m[Kredeclaration of â€˜[01m[KMotionGenerator motion_generator[m[Kâ€™
   50 |         MotionGenerator [01;31m[Kmotion_generator[m[K(0.5, q_goal);
      |                         [01;31m[K^~~~~~~~~~~~~~~~[m[K
[01m[K/home/yuan/mani_gpt/src/franka_grasp/src/grasp.cpp:33:25:[m[K [01;36m[Knote: [m[Kâ€˜[01m[KMotionGenerator motion_generator[m[Kâ€™ previously declared here
   33 |         MotionGenerator [01;36m[Kmotion_generator[m[K(0.5, q_initial);                                                        // MotionGenerator æ˜¯è¿åŠ¨ç”Ÿæˆå™¨ï¼Œç”¨äºŽç”Ÿæˆä½¿æœºå™¨äººåˆ°è¾¾ç›®æ ‡å…³èŠ‚é…ç½®çš„è¿åŠ¨è½¨è¿¹ã€‚è¿™é‡Œçš„0.5æ˜¯è¿åŠ¨é€Ÿåº¦çš„ç¼©æ”¾å› å­
      |                         [01;36m[K^~~~~~~~~~~~~~~~[m[K
[01m[K/home/yuan/mani_gpt/src/franka_grasp/src/grasp.cpp:68:31:[m[K [01;31m[Kerror: [m[Kcall of overloaded â€˜[01m[KMotionFinished(std::array<double, 7>&)[m[Kâ€™ is ambiguous
   68 |         [01;31m[Kfranka::MotionFinished(q_goal)[m[K;
      |         [01;31m[K~~~~~~~~~~~~~~~~~~~~~~^~~~~~~~[m[K
In file included from [01m[K/usr/include/franka/log.h:7[m[K,
                 from [01m[K/usr/include/franka/exception.h:8[m[K,
                 from [01m[K/home/yuan/mani_gpt/src/franka_grasp/src/grasp.cpp:3[m[K:
[01m[K/usr/include/franka/control_types.h:294:16:[m[K [01;36m[Knote: [m[Kcandidate: â€˜[01m[Kfranka::Torques franka::MotionFinished(franka::Torques)[m[Kâ€™
  294 | inline Torques [01;36m[KMotionFinished[m[K(Torques command) noexcept {  // NOLINT(readability-identifier-naming)
      |                [01;36m[K^~~~~~~~~~~~~~[m[K
[01m[K/usr/include/franka/control_types.h:308:23:[m[K [01;36m[Knote: [m[Kcandidate: â€˜[01m[Kfranka::JointPositions franka::MotionFinished(franka::JointPositions)[m[Kâ€™
  308 | inline JointPositions [01;36m[KMotionFinished[m[K(  // NOLINT(readability-identifier-naming)
      |                       [01;36m[K^~~~~~~~~~~~~~[m[K
[01m[K/usr/include/franka/control_types.h:323:24:[m[K [01;36m[Knote: [m[Kcandidate: â€˜[01m[Kfranka::JointVelocities franka::MotionFinished(franka::JointVelocities)[m[Kâ€™
  323 | inline JointVelocities [01;36m[KMotionFinished[m[K(  // NOLINT(readability-identifier-naming)
      |                        [01;36m[K^~~~~~~~~~~~~~[m[K
[01m[K/home/yuan/mani_gpt/src/franka_grasp/src/grasp.cpp:22:37:[m[K [01;35m[Kwarning: [m[Kunused parameter â€˜[01m[Kq_buf[m[Kâ€™ [[01;35m[K]8;;https://gcc.gnu.org/onlinedocs/gcc/Warning-Options.html#index-Wunused-parameter-Wunused-parameter]8;;[m[K]
   22 |     int grasp([01;35m[Kstd::array<double, 7> q_buf[m[K) {
      |               [01;35m[K~~~~~~~~~~~~~~~~~~~~~~^~~~~[m[K
gmake[2]: *** [CMakeFiles/grasp.dir/build.make:76: CMakeFiles/grasp.dir/src/grasp.cpp.o] Error 1
gmake[1]: *** [CMakeFiles/Makefile2:165: CMakeFiles/grasp.dir/all] Error 2
gmake: *** [Makefile:146: all] Error 2
