[0.008s] Invoking command in '/home/yuan/mani_gpt/build/franka_grasp': CMAKE_PREFIX_PATH=/home/yuan/mani_gpt/install/grasp_msg:/home/yuan/mani_gpt/install/franka_grasp:/home/yuan/mani_gpt/install/grasp_publisher:/opt/ros/humble /usr/bin/cmake --build /home/yuan/mani_gpt/build/franka_grasp -- -j16 -l16
[0.042s] [ 50%] Built target examples_common
[0.060s] [ 75%] [32mBuilding CXX object CMakeFiles/grasp.dir/src/grasp.cpp.o[0m
[2.071s] [01m[K/home/yuan/mani_gpt/src/franka_grasp/src/grasp.cpp:[m[K In constructor â€˜[01m[KGraspSubscriber::GraspSubscriber()[m[Kâ€™:
[2.072s] [01m[K/home/yuan/mani_gpt/src/franka_grasp/src/grasp.cpp:18:29:[m[K [01;35m[Kwarning: [m[Kunused variable â€˜[01m[Kq_buf[m[Kâ€™ [[01;35m[K]8;;https://gcc.gnu.org/onlinedocs/gcc/Warning-Options.html#index-Wunused-variable-Wunused-variable]8;;[m[K]
[2.072s]    18 |       std::array<double, 7> [01;35m[Kq_buf[m[K = {1,1,1,1,1,1,1};
[2.072s]       |                             [01;35m[K^~~~~[m[K
[2.079s] [01m[K/home/yuan/mani_gpt/src/franka_grasp/src/grasp.cpp:[m[K In member function â€˜[01m[Kint GraspSubscriber::grasp(std::array<double, 7>)[m[Kâ€™:
[2.079s] [01m[K/home/yuan/mani_gpt/src/franka_grasp/src/grasp.cpp:76:14:[m[K [01;35m[Kwarning: [m[Kunused variable â€˜[01m[Khoming[m[Kâ€™ [[01;35m[K]8;;https://gcc.gnu.org/onlinedocs/gcc/Warning-Options.html#index-Wunused-variable-Wunused-variable]8;;[m[K]
[2.079s]    76 |         bool [01;35m[Khoming[m[K;
[2.080s]       |              [01;35m[K^~~~~~[m[K
[2.084s] [01m[K/home/yuan/mani_gpt/src/franka_grasp/src/grasp.cpp:132:9:[m[K [01;31m[Kerror: [m[Kâ€˜[01m[Krobot[m[Kâ€™ was not declared in this scope
[2.085s]   132 |         [01;31m[Krobot[m[K.control(motion_generator3);
[2.085s]       |         [01;31m[K^~~~~[m[K
[3.636s] gmake[2]: *** [CMakeFiles/grasp.dir/build.make:76: CMakeFiles/grasp.dir/src/grasp.cpp.o] Error 1
[3.636s] gmake[1]: *** [CMakeFiles/Makefile2:165: CMakeFiles/grasp.dir/all] Error 2
[3.637s] gmake: *** [Makefile:146: all] Error 2
[3.638s] Invoked command in '/home/yuan/mani_gpt/build/franka_grasp' returned '2': CMAKE_PREFIX_PATH=/home/yuan/mani_gpt/install/grasp_msg:/home/yuan/mani_gpt/install/franka_grasp:/home/yuan/mani_gpt/install/grasp_publisher:/opt/ros/humble /usr/bin/cmake --build /home/yuan/mani_gpt/build/franka_grasp -- -j16 -l16
